*** Starting uWSGI 2.0.12-debian (64bit) on [Wed Jan 30 00:37:59 2019] ***
compiled with version: 5.4.0 20160609 on 28 September 2018 15:49:44
os: Linux-4.4.0-21-generic #37-Ubuntu SMP Mon Apr 18 18:33:37 UTC 2016
nodename: yyz-ThinkPad-X250
machine: x86_64
clock source: unix
pcre jit disabled
detected number of CPU cores: 4
current working directory: /home/yyz/PycharmProjects/AccountApp
detected binary path: /usr/bin/uwsgi-core
chdir() to /home/yyz/PycharmProjects/AccountApp
*** WARNING: you are running uWSGI without its master process manager ***
your processes number limit is 14443
your memory page size is 4096 bytes
detected max file descriptor number: 1048576
lock engine: pthread robust mutexes
thunder lock: disabled (you can enable it with --thunder-lock)
uwsgi socket 0 bound to TCP address 127.0.0.1:5001 fd 3
uwsgi socket 1 bound to UNIX address /home/yyz/PycharmProjects/AccountApp/conf/uwsgi_conf.sock fd 4
your server socket listen backlog is limited to 100 connections
your mercy for graceful operations on workers is 60 seconds
mapped 166144 bytes (162 KB) for 4 cores
*** Operational MODE: preforking+threaded ***
*** no app loaded. going in full dynamic mode ***
*** uWSGI is running in multiple interpreter mode ***
!!!!!!!!!!!!!! WARNING !!!!!!!!!!!!!!
no request plugin is loaded, you will not be able to manage requests.
you may need to install the package for your language of choice, or simply load it with --plugin.
!!!!!!!!!!! END OF WARNING !!!!!!!!!!
spawned uWSGI worker 1 (pid: 23840, cores: 2)
spawned uWSGI worker 2 (pid: 23841, cores: 2)
*** Starting uWSGI 2.0.12-debian (64bit) on [Wed Jan 30 00:40:32 2019] ***
compiled with version: 5.4.0 20160609 on 28 September 2018 15:49:44
os: Linux-4.4.0-21-generic #37-Ubuntu SMP Mon Apr 18 18:33:37 UTC 2016
nodename: yyz-ThinkPad-X250
machine: x86_64
clock source: unix
pcre jit disabled
detected number of CPU cores: 4
current working directory: /home/yyz/PycharmProjects/AccountApp
detected binary path: /usr/bin/uwsgi-core
chdir() to /home/yyz/PycharmProjects/AccountApp
*** WARNING: you are running uWSGI without its master process manager ***
your processes number limit is 14443
your memory page size is 4096 bytes
detected max file descriptor number: 1048576
lock engine: pthread robust mutexes
thunder lock: disabled (you can enable it with --thunder-lock)
uwsgi socket 0 bound to TCP address 127.0.0.1:5001 fd 3
uwsgi socket 1 bound to UNIX address /home/yyz/PycharmProjects/AccountApp/conf/uwsgi_conf.sock fd 4
your server socket listen backlog is limited to 100 connections
your mercy for graceful operations on workers is 60 seconds
mapped 166144 bytes (162 KB) for 4 cores
*** Operational MODE: preforking+threaded ***
*** no app loaded. going in full dynamic mode ***
*** uWSGI is running in multiple interpreter mode ***
!!!!!!!!!!!!!! WARNING !!!!!!!!!!!!!!
no request plugin is loaded, you will not be able to manage requests.
you may need to install the package for your language of choice, or simply load it with --plugin.
!!!!!!!!!!! END OF WARNING !!!!!!!!!!
spawned uWSGI worker 1 (pid: 23930, cores: 2)
spawned uWSGI worker 2 (pid: 23931, cores: 2)
-- unavailable modifier requested: 0 --
